<?xml version="1.0" encoding="UTF-8"?>
<testsuite name="org.example.example.exampleTest" tests="1" skipped="0" failures="0" errors="0" timestamp="2024-07-08T22:26:09" hostname="MacBook-Pro-Elon.local" time="0.007">
  <properties/>
  <testcase name="exampleTest()" classname="org.example.example.exampleTest" time="0.007"/>
  <system-out><![CDATA[]]></system-out>
  <system-err><![CDATA[]]></system-err>
</testsuite>
